{"/home/jonatan/Documentos/8voSemestre/DevOps/Proyecto-DevOps-Frontend/src/api/index.tsx": {"path":"/home/jonatan/Documentos/8voSemestre/DevOps/Proyecto-DevOps-Frontend/src/api/index.tsx","all":false,"statementMap":{"0":{"start":{"line":1,"column":0},"end":{"line":1,"column":57}},"1":{"start":{"line":2,"column":0},"end":{"line":2,"column":24}}},"s":{"0":1,"1":1},"branchMap":{},"b":{},"fnMap":{},"f":{}}
,"/home/jonatan/Documentos/8voSemestre/DevOps/Proyecto-DevOps-Frontend/src/api/rutas.ts": {"path":"/home/jonatan/Documentos/8voSemestre/DevOps/Proyecto-DevOps-Frontend/src/api/rutas.ts","all":false,"statementMap":{"0":{"start":{"line":1,"column":0},"end":{"line":1,"column":52}},"1":{"start":{"line":2,"column":0},"end":{"line":2,"column":46}},"2":{"start":{"line":3,"column":0},"end":{"line":3,"column":36}},"3":{"start":{"line":4,"column":0},"end":{"line":4,"column":0}},"4":{"start":{"line":5,"column":0},"end":{"line":5,"column":34}},"5":{"start":{"line":6,"column":0},"end":{"line":6,"column":21}},"6":{"start":{"line":7,"column":0},"end":{"line":7,"column":25}},"7":{"start":{"line":8,"column":0},"end":{"line":8,"column":63}},"8":{"start":{"line":9,"column":0},"end":{"line":9,"column":37}},"9":{"start":{"line":10,"column":0},"end":{"line":10,"column":58}},"10":{"start":{"line":11,"column":0},"end":{"line":11,"column":14}},"11":{"start":{"line":12,"column":0},"end":{"line":12,"column":24}},"12":{"start":{"line":13,"column":0},"end":{"line":13,"column":3}},"13":{"start":{"line":14,"column":0},"end":{"line":14,"column":4}},"14":{"start":{"line":15,"column":0},"end":{"line":15,"column":1}},"15":{"start":{"line":16,"column":0},"end":{"line":16,"column":0}},"16":{"start":{"line":17,"column":0},"end":{"line":17,"column":37}},"17":{"start":{"line":18,"column":0},"end":{"line":18,"column":21}},"18":{"start":{"line":19,"column":0},"end":{"line":19,"column":25}},"19":{"start":{"line":20,"column":0},"end":{"line":20,"column":52}},"20":{"start":{"line":21,"column":0},"end":{"line":21,"column":62}},"21":{"start":{"line":22,"column":0},"end":{"line":22,"column":12}},"22":{"start":{"line":23,"column":0},"end":{"line":23,"column":6}},"23":{"start":{"line":24,"column":0},"end":{"line":24,"column":0}},"24":{"start":{"line":25,"column":0},"end":{"line":25,"column":15}},"25":{"start":{"line":26,"column":0},"end":{"line":26,"column":4}},"26":{"start":{"line":27,"column":0},"end":{"line":27,"column":4}},"27":{"start":{"line":28,"column":0},"end":{"line":28,"column":2}},"28":{"start":{"line":29,"column":0},"end":{"line":29,"column":0}},"29":{"start":{"line":30,"column":0},"end":{"line":30,"column":37}},"30":{"start":{"line":31,"column":0},"end":{"line":31,"column":21}},"31":{"start":{"line":32,"column":0},"end":{"line":32,"column":25}},"32":{"start":{"line":33,"column":0},"end":{"line":33,"column":41}},"33":{"start":{"line":34,"column":0},"end":{"line":34,"column":67}},"34":{"start":{"line":35,"column":0},"end":{"line":35,"column":15}},"35":{"start":{"line":36,"column":0},"end":{"line":36,"column":4}},"36":{"start":{"line":37,"column":0},"end":{"line":37,"column":4}},"37":{"start":{"line":38,"column":0},"end":{"line":38,"column":2}},"38":{"start":{"line":39,"column":0},"end":{"line":39,"column":0}},"39":{"start":{"line":40,"column":0},"end":{"line":40,"column":0}},"40":{"start":{"line":41,"column":0},"end":{"line":41,"column":36}},"41":{"start":{"line":42,"column":0},"end":{"line":42,"column":21}},"42":{"start":{"line":43,"column":0},"end":{"line":43,"column":24}},"43":{"start":{"line":44,"column":0},"end":{"line":44,"column":89}},"44":{"start":{"line":45,"column":0},"end":{"line":45,"column":75}},"45":{"start":{"line":46,"column":0},"end":{"line":46,"column":14}},"46":{"start":{"line":47,"column":0},"end":{"line":47,"column":3}},"47":{"start":{"line":48,"column":0},"end":{"line":48,"column":4}},"48":{"start":{"line":49,"column":0},"end":{"line":49,"column":2}},"49":{"start":{"line":50,"column":0},"end":{"line":50,"column":0}},"50":{"start":{"line":51,"column":0},"end":{"line":51,"column":36}},"51":{"start":{"line":52,"column":0},"end":{"line":52,"column":21}},"52":{"start":{"line":53,"column":0},"end":{"line":53,"column":25}},"53":{"start":{"line":54,"column":0},"end":{"line":54,"column":41}},"54":{"start":{"line":55,"column":0},"end":{"line":55,"column":70}},"55":{"start":{"line":56,"column":0},"end":{"line":56,"column":15}},"56":{"start":{"line":57,"column":0},"end":{"line":57,"column":4}},"57":{"start":{"line":58,"column":0},"end":{"line":58,"column":4}},"58":{"start":{"line":59,"column":0},"end":{"line":59,"column":2}}},"s":{"0":1,"1":1,"2":1,"3":1,"4":1,"5":2,"6":2,"7":2,"8":2,"9":1,"10":1,"11":1,"12":1,"13":2,"14":2,"15":1,"16":1,"17":1,"18":1,"19":1,"20":1,"21":1,"22":1,"23":1,"24":1,"25":1,"26":1,"27":1,"28":1,"29":1,"30":2,"31":2,"32":2,"33":1,"34":1,"35":2,"36":2,"37":2,"38":1,"39":1,"40":1,"41":1,"42":1,"43":1,"44":1,"45":1,"46":1,"47":1,"48":1,"49":1,"50":1,"51":1,"52":1,"53":1,"54":1,"55":1,"56":1,"57":1,"58":1},"branchMap":{"0":{"type":"branch","line":5,"loc":{"start":{"line":5,"column":27},"end":{"line":15,"column":1}},"locations":[{"start":{"line":5,"column":27},"end":{"line":15,"column":1}}]},"1":{"type":"branch","line":9,"loc":{"start":{"line":9,"column":14},"end":{"line":13,"column":3}},"locations":[{"start":{"line":9,"column":14},"end":{"line":13,"column":3}}]},"2":{"type":"branch","line":17,"loc":{"start":{"line":17,"column":30},"end":{"line":28,"column":2}},"locations":[{"start":{"line":17,"column":30},"end":{"line":28,"column":2}}]},"3":{"type":"branch","line":20,"loc":{"start":{"line":20,"column":14},"end":{"line":26,"column":3}},"locations":[{"start":{"line":20,"column":14},"end":{"line":26,"column":3}}]},"4":{"type":"branch","line":30,"loc":{"start":{"line":30,"column":30},"end":{"line":38,"column":2}},"locations":[{"start":{"line":30,"column":30},"end":{"line":38,"column":2}}]},"5":{"type":"branch","line":33,"loc":{"start":{"line":33,"column":14},"end":{"line":36,"column":3}},"locations":[{"start":{"line":33,"column":14},"end":{"line":36,"column":3}}]},"6":{"type":"branch","line":41,"loc":{"start":{"line":41,"column":29},"end":{"line":49,"column":2}},"locations":[{"start":{"line":41,"column":29},"end":{"line":49,"column":2}}]},"7":{"type":"branch","line":44,"loc":{"start":{"line":44,"column":13},"end":{"line":47,"column":2}},"locations":[{"start":{"line":44,"column":13},"end":{"line":47,"column":2}}]},"8":{"type":"branch","line":51,"loc":{"start":{"line":51,"column":29},"end":{"line":59,"column":2}},"locations":[{"start":{"line":51,"column":29},"end":{"line":59,"column":2}}]},"9":{"type":"branch","line":54,"loc":{"start":{"line":54,"column":14},"end":{"line":57,"column":3}},"locations":[{"start":{"line":54,"column":14},"end":{"line":57,"column":3}}]}},"b":{"0":[2],"1":[1],"2":[1],"3":[1],"4":[2],"5":[1],"6":[1],"7":[1],"8":[1],"9":[1]},"fnMap":{"0":{"name":"useGetRutas","decl":{"start":{"line":5,"column":27},"end":{"line":15,"column":1}},"loc":{"start":{"line":5,"column":27},"end":{"line":15,"column":1}},"line":5},"1":{"name":"mutationFn","decl":{"start":{"line":9,"column":14},"end":{"line":13,"column":3}},"loc":{"start":{"line":9,"column":14},"end":{"line":13,"column":3}},"line":9},"2":{"name":"useCreateCRuta","decl":{"start":{"line":17,"column":30},"end":{"line":28,"column":2}},"loc":{"start":{"line":17,"column":30},"end":{"line":28,"column":2}},"line":17},"3":{"name":"mutationFn","decl":{"start":{"line":20,"column":14},"end":{"line":26,"column":3}},"loc":{"start":{"line":20,"column":14},"end":{"line":26,"column":3}},"line":20},"4":{"name":"useGetRutaById","decl":{"start":{"line":30,"column":30},"end":{"line":38,"column":2}},"loc":{"start":{"line":30,"column":30},"end":{"line":38,"column":2}},"line":30},"5":{"name":"mutationFn","decl":{"start":{"line":33,"column":14},"end":{"line":36,"column":3}},"loc":{"start":{"line":33,"column":14},"end":{"line":36,"column":3}},"line":33},"6":{"name":"useUpdateRuta","decl":{"start":{"line":41,"column":29},"end":{"line":49,"column":2}},"loc":{"start":{"line":41,"column":29},"end":{"line":49,"column":2}},"line":41},"7":{"name":"mutationFn","decl":{"start":{"line":44,"column":13},"end":{"line":47,"column":2}},"loc":{"start":{"line":44,"column":13},"end":{"line":47,"column":2}},"line":44},"8":{"name":"useDeleteRuta","decl":{"start":{"line":51,"column":29},"end":{"line":59,"column":2}},"loc":{"start":{"line":51,"column":29},"end":{"line":59,"column":2}},"line":51},"9":{"name":"mutationFn","decl":{"start":{"line":54,"column":14},"end":{"line":57,"column":3}},"loc":{"start":{"line":54,"column":14},"end":{"line":57,"column":3}},"line":54}},"f":{"0":2,"1":1,"2":1,"3":1,"4":2,"5":1,"6":1,"7":1,"8":1,"9":1}}
,"/home/jonatan/Documentos/8voSemestre/DevOps/Proyecto-DevOps-Frontend/src/test/testHelpers.tsx": {"path":"/home/jonatan/Documentos/8voSemestre/DevOps/Proyecto-DevOps-Frontend/src/test/testHelpers.tsx","all":false,"statementMap":{"0":{"start":{"line":1,"column":0},"end":{"line":1,"column":34}},"1":{"start":{"line":2,"column":0},"end":{"line":2,"column":73}},"2":{"start":{"line":3,"column":0},"end":{"line":3,"column":0}},"3":{"start":{"line":4,"column":0},"end":{"line":4,"column":24}},"4":{"start":{"line":5,"column":0},"end":{"line":5,"column":22}},"5":{"start":{"line":6,"column":0},"end":{"line":6,"column":1}},"6":{"start":{"line":7,"column":0},"end":{"line":7,"column":0}},"7":{"start":{"line":8,"column":0},"end":{"line":8,"column":41}},"8":{"start":{"line":9,"column":0},"end":{"line":9,"column":89}},"9":{"start":{"line":10,"column":0},"end":{"line":10,"column":0}},"10":{"start":{"line":11,"column":0},"end":{"line":11,"column":60}},"11":{"start":{"line":12,"column":0},"end":{"line":12,"column":78}},"12":{"start":{"line":13,"column":0},"end":{"line":13,"column":4}},"13":{"start":{"line":14,"column":0},"end":{"line":14,"column":0}},"14":{"start":{"line":15,"column":0},"end":{"line":15,"column":26}},"15":{"start":{"line":16,"column":0},"end":{"line":16,"column":2}}},"s":{"0":1,"1":1,"2":1,"3":1,"4":1,"5":1,"6":1,"7":1,"8":5,"9":5,"10":5,"11":7,"12":5,"13":5,"14":5,"15":5},"branchMap":{"0":{"type":"branch","line":8,"loc":{"start":{"line":8,"column":34},"end":{"line":16,"column":2}},"locations":[{"start":{"line":8,"column":34},"end":{"line":16,"column":2}}]},"1":{"type":"branch","line":11,"loc":{"start":{"line":11,"column":27},"end":{"line":12,"column":78}},"locations":[{"start":{"line":11,"column":27},"end":{"line":12,"column":78}}]}},"b":{"0":[5],"1":[7]},"fnMap":{"0":{"name":"createQueryWrapper","decl":{"start":{"line":8,"column":34},"end":{"line":16,"column":2}},"loc":{"start":{"line":8,"column":34},"end":{"line":16,"column":2}},"line":8},"1":{"name":"WrapperComponent","decl":{"start":{"line":11,"column":27},"end":{"line":12,"column":78}},"loc":{"start":{"line":11,"column":27},"end":{"line":12,"column":78}},"line":11}},"f":{"0":5,"1":7}}
}
