TN:
SF:src/api/index.tsx
FNF:0
FNH:0
DA:1,1
DA:2,1
LF:2
LH:2
BRF:0
BRH:0
end_of_record
TN:
SF:src/api/rutas.ts
FN:5,useGetRutas
FN:9,mutationFn
FN:17,useCreateCRuta
FN:20,mutationFn
FN:30,useGetRutaById
FN:33,mutationFn
FN:41,useUpdateRuta
FN:44,mutationFn
FN:51,useDeleteRuta
FN:54,mutationFn
FNF:10
FNH:10
FNDA:2,useGetRutas
FNDA:1,mutationFn
FNDA:1,useCreateCRuta
FNDA:1,mutationFn
FNDA:2,useGetRutaById
FNDA:1,mutationFn
FNDA:1,useUpdateRuta
FNDA:1,mutationFn
FNDA:1,useDeleteRuta
FNDA:1,mutationFn
DA:1,1
DA:2,1
DA:3,1
DA:4,1
DA:5,1
DA:6,2
DA:7,2
DA:8,2
DA:9,2
DA:10,1
DA:11,1
DA:12,1
DA:13,1
DA:14,2
DA:15,2
DA:16,1
DA:17,1
DA:18,1
DA:19,1
DA:20,1
DA:21,1
DA:22,1
DA:23,1
DA:24,1
DA:25,1
DA:26,1
DA:27,1
DA:28,1
DA:29,1
DA:30,1
DA:31,2
DA:32,2
DA:33,2
DA:34,1
DA:35,1
DA:36,2
DA:37,2
DA:38,2
DA:39,1
DA:40,1
DA:41,1
DA:42,1
DA:43,1
DA:44,1
DA:45,1
DA:46,1
DA:47,1
DA:48,1
DA:49,1
DA:50,1
DA:51,1
DA:52,1
DA:53,1
DA:54,1
DA:55,1
DA:56,1
DA:57,1
DA:58,1
DA:59,1
LF:59
LH:59
BRDA:5,0,0,2
BRDA:9,1,0,1
BRDA:17,2,0,1
BRDA:20,3,0,1
BRDA:30,4,0,2
BRDA:33,5,0,1
BRDA:41,6,0,1
BRDA:44,7,0,1
BRDA:51,8,0,1
BRDA:54,9,0,1
BRF:10
BRH:10
end_of_record
TN:
SF:src/test/testHelpers.tsx
FN:8,createQueryWrapper
FN:11,WrapperComponent
FNF:2
FNH:2
FNDA:5,createQueryWrapper
FNDA:7,WrapperComponent
DA:1,1
DA:2,1
DA:3,1
DA:4,1
DA:5,1
DA:6,1
DA:7,1
DA:8,1
DA:9,5
DA:10,5
DA:11,5
DA:12,7
DA:13,5
DA:14,5
DA:15,5
DA:16,5
LF:16
LH:16
BRDA:8,0,0,5
BRDA:11,1,0,7
BRF:2
BRH:2
end_of_record
